<?xml version="1.0" encoding="UTF-8"?>
<!-- Generated by org.testng.reporters.JUnitReportReporter -->
<testsuite hostname="INchandrad" name="com.thoughts.wise.Tests.testSignIn" tests="1" failures="0" timestamp="19 Jan 2017 17:13:58 GMT" time="5.147" errors="0">
  <testcase name="dosignIn" time="5.147" classname="com.thoughts.wise.Tests.testSignIn"/>
</testsuite> <!-- com.thoughts.wise.Tests.testSignIn -->
