<?xml version="1.0" encoding="UTF-8"?>
<!-- Generated by org.testng.reporters.JUnitReportReporter -->
<testsuite hostname="INchandrad-2.local" name="com.thoughts.wisePage.Pages.NewClass" tests="1" failures="0" timestamp="20 Jan 2017 02:05:25 GMT" time="0.012" errors="0">
  <testcase name="testSearch" time="0.012" classname="com.thoughts.wisePage.Pages.NewClass"/>
</testsuite> <!-- com.thoughts.wisePage.Pages.NewClass -->
